[debug] [2018-10-30T04:06:30.974Z] ----------------------------------------------------------------------
[debug] [2018-10-30T04:06:30.979Z] Command:       /usr/local/bin/node /usr/local/bin/firebase serve
[debug] [2018-10-30T04:06:30.980Z] CLI Version:   4.2.1
[debug] [2018-10-30T04:06:30.980Z] Platform:      darwin
[debug] [2018-10-30T04:06:30.980Z] Node Version:  v6.11.3
[debug] [2018-10-30T04:06:30.981Z] Time:          Tue Oct 30 2018 13:06:30 GMT+0900 (KST)
[debug] [2018-10-30T04:06:30.981Z] ----------------------------------------------------------------------
[debug] 
[debug] [2018-10-30T04:06:31.011Z] > command requires scopes: ["email","openid","https://www.googleapis.com/auth/cloudplatformprojects.readonly","https://www.googleapis.com/auth/firebase","https://www.googleapis.com/auth/cloud-platform"]
[debug] [2018-10-30T04:06:31.011Z] > authorizing via signed-in user
[debug] [2018-10-30T04:06:31.015Z] > refreshing access token with scopes: ["email","https://www.googleapis.com/auth/cloud-platform","https://www.googleapis.com/auth/cloudplatformprojects.readonly","https://www.googleapis.com/auth/firebase","openid"]
[debug] [2018-10-30T04:06:31.016Z] >>> HTTP REQUEST POST https://www.googleapis.com/oauth2/v3/token  

[debug] [2018-10-30T04:06:31.458Z] <<< HTTP RESPONSE 200
[debug] [2018-10-30T04:06:31.478Z] >>> HTTP REQUEST GET https://admin.firebase.com/v1/projects/wootchat-4d537  
 
[debug] [2018-10-30T04:06:32.478Z] <<< HTTP RESPONSE 200
[debug] [2018-10-30T04:06:32.480Z] >>> HTTP REQUEST GET https://cloudresourcemanager.googleapis.com/v1/projects/wootchat-4d537  
 
[debug] [2018-10-30T04:06:33.623Z] <<< HTTP RESPONSE 200
[info] 
[info] === Serving from '/Users/kimhanho/Sites/woot/wootchat'...
[info] 
[info] i  functions: Preparing to emulate functions.
[debug] [2018-10-30T04:06:35.430Z] Fetching environment
[debug] [2018-10-30T04:06:35.463Z] >>> HTTP REQUEST GET https://mobilesdk-pa.googleapis.com/v1/projects/925215929657:getServerAppConfig  
 
[debug] [2018-10-30T04:06:35.480Z] >>> HTTP REQUEST GET https://mobilesdk-pa.googleapis.com/v1/projects/925215929657/clients/_:getWebAppConfig  
 
[debug] [2018-10-30T04:06:36.212Z] <<< HTTP RESPONSE 200
[info] i  hosting[wootchat-4d537]: Serving hosting files from: ./
[info] ✔  hosting[wootchat-4d537]: Local server: http://localhost:5000
[debug] [2018-10-30T04:06:36.369Z] <<< HTTP RESPONSE 200
[debug] [2018-10-30T04:06:36.370Z] Starting @google-cloud/functions-emulator
[warn] ⚠  functions: Error from emulator. Error: Emulator crashed! Check the log file...
[debug] [2018-10-30T04:06:36.522Z] Error: Emulator crashed! Check the log file...
    at ChildProcess.child.on (/usr/local/lib/node_modules/firebase-tools/node_modules/@google-cloud/functions-emulator/src/cli/controller.js:650:24)
    at emitTwo (events.js:106:13)
    at ChildProcess.emit (events.js:191:7)
    at Process.ChildProcess._handle.onexit (internal/child_process.js:219:12)
